<?xml version="1.0" encoding="UTF-8"?>
<testng-results skipped="0" failed="0" ignored="0" total="2" passed="2">
  <reporter-output>
  </reporter-output>
  <suite name="Suite" duration-ms="55282" started-at="2018-03-16T11:59:15Z" finished-at="2018-03-16T12:00:11Z">
    <groups>
    </groups>
    <test name="first | H8314" duration-ms="45919" started-at="2018-03-16T11:59:15Z" finished-at="2018-03-16T12:00:01Z">
      <class name="firstTest">
        <test-method status="PASS" signature="setUp(java.lang.String)[pri:0, instance:firstTest@48eff760]" name="setUp" is-config="true" duration-ms="22098" started-at="2018-03-16T11:59:15Z" finished-at="2018-03-16T11:59:37Z">
          <params>
            <param index="0">
              <value>
                <![CDATA[BH90018AAX]]>
              </value>
            </param>
          </params>
          <reporter-output>
          </reporter-output>
        </test-method> <!-- setUp -->
        <test-method status="PASS" signature="testUntitled()[pri:0, instance:firstTest@48eff760]" name="testUntitled" duration-ms="22950" started-at="2018-03-16T11:59:37Z" finished-at="2018-03-16T12:00:00Z">
          <reporter-output>
          </reporter-output>
        </test-method> <!-- testUntitled -->
        <test-method status="PASS" signature="tearDown()[pri:0, instance:firstTest@48eff760]" name="tearDown" is-config="true" duration-ms="849" started-at="2018-03-16T12:00:00Z" finished-at="2018-03-16T12:00:01Z">
          <reporter-output>
          </reporter-output>
        </test-method> <!-- tearDown -->
      </class> <!-- firstTest -->
    </test> <!-- first | H8314 -->
    <test name="first | H3213" duration-ms="55282" started-at="2018-03-16T11:59:15Z" finished-at="2018-03-16T12:00:11Z">
      <class name="firstTest">
        <test-method status="PASS" signature="setUp(java.lang.String)[pri:0, instance:firstTest@d2cc05a]" name="setUp" is-config="true" duration-ms="28922" started-at="2018-03-16T11:59:15Z" finished-at="2018-03-16T11:59:44Z">
          <params>
            <param index="0">
              <value>
                <![CDATA[CQ300002LG]]>
              </value>
            </param>
          </params>
          <reporter-output>
          </reporter-output>
        </test-method> <!-- setUp -->
        <test-method status="PASS" signature="testUntitled()[pri:0, instance:firstTest@d2cc05a]" name="testUntitled" duration-ms="24600" started-at="2018-03-16T11:59:44Z" finished-at="2018-03-16T12:00:09Z">
          <reporter-output>
          </reporter-output>
        </test-method> <!-- testUntitled -->
        <test-method status="PASS" signature="tearDown()[pri:0, instance:firstTest@d2cc05a]" name="tearDown" is-config="true" duration-ms="1748" started-at="2018-03-16T12:00:09Z" finished-at="2018-03-16T12:00:11Z">
          <reporter-output>
          </reporter-output>
        </test-method> <!-- tearDown -->
      </class> <!-- firstTest -->
    </test> <!-- first | H3213 -->
  </suite> <!-- Suite -->
</testng-results>
